<?xml version="1.0" encoding="UTF-8"?>
<!-- Generated by org.testng.reporters.JUnitReportReporter -->
<testsuite hostname="LTIN277965" failures="0" tests="6" name="myPackage.BuyGiftCard" time="62.025" errors="0" timestamp="2023-08-30T18:20:18 IST" skipped="0">
  <testcase classname="myPackage.BuyGiftCard" name="InputGiftData" time="18.423"/>
  <testcase classname="myPackage.BuyGiftCard" name="SelectGift" time="7.369"/>
  <testcase classname="myPackage.BuyGiftCard" name="InputGiftData" time="17.764"/>
  <testcase classname="myPackage.BuyGiftCard" name="SelectBirthdayGift" time="4.823"/>
  <testcase classname="myPackage.BuyGiftCard" name="SelectGift" time="7.892"/>
  <testcase classname="myPackage.BuyGiftCard" name="SelectBirthdayGift" time="5.754"/>
</testsuite> <!-- myPackage.BuyGiftCard -->
