<?xml version="1.0" encoding="UTF-8"?>
<!-- Generated by org.testng.reporters.JUnitReportReporter -->
<testsuite hostname="LTIN277965" failures="0" tests="4" name="myPackage.BaseClass" time="52.085" errors="0" timestamp="2023-08-30T18:01:16 IST" skipped="0">
  <testcase classname="myPackage.BaseClass" name="openMMT" time="12.029"/>
  <testcase classname="myPackage.BaseClass" name="closePopUp" time="21.651"/>
  <testcase classname="myPackage.BaseClass" name="closePopUp" time="11.213"/>
  <testcase classname="myPackage.BaseClass" name="openMMT" time="7.192"/>
</testsuite> <!-- myPackage.BaseClass -->
