<?xml version="1.0" encoding="UTF-8"?>
<!-- Generated by org.testng.reporters.JUnitReportReporter -->
<testsuite hostname="LTIN278618" failures="0" tests="2" name="myPackage.Enter_Data" time="103.908" errors="0" timestamp="2023-08-29T18:02:01 IST" skipped="0">
  <testcase classname="myPackage.Enter_Data" name="setInput" time="103.823"/>
  <testcase classname="myPackage.Enter_Data" name="setInput" time="0.085"/>
</testsuite> <!-- myPackage.Enter_Data -->
