<?xml version="1.0" encoding="UTF-8"?>
<!-- Generated by org.testng.reporters.JUnitReportReporter -->
<testsuite hostname="LTIN277965" failures="0" tests="2" name="myPackage.BookCab" time="82.118" errors="0" timestamp="2023-08-30T18:20:18 IST" skipped="0">
  <testcase classname="myPackage.BookCab" name="setInput" time="39.712"/>
  <testcase classname="myPackage.BookCab" name="setInput" time="42.406"/>
</testsuite> <!-- myPackage.BookCab -->
