<?xml version="1.0" encoding="UTF-8"?>
<!-- Generated by org.testng.reporters.JUnitReportReporter -->
<testsuite hostname="LTIN278618" failures="0" tests="1" name="myPackage.removePopUp" time="0.338" errors="0" timestamp="2023-08-24T18:27:12 IST" skipped="0">
  <testcase classname="myPackage.removePopUp" name="closePopUp" time="0.338"/>
</testsuite> <!-- myPackage.removePopUp -->
