<?xml version="1.0" encoding="UTF-8"?>
<!-- Generated by org.testng.reporters.JUnitReportReporter -->
<testsuite hostname="LTIN278618" failures="0" tests="2" name="pageClasses.BookCab" time="92.882" errors="0" timestamp="2023-09-05T10:46:33 IST" skipped="0">
  <testcase classname="pageClasses.BookCab" name="setInput" time="41.433"/>
  <testcase classname="pageClasses.BookCab" name="setInput" time="51.449"/>
</testsuite> <!-- pageClasses.BookCab -->
