<?xml version="1.0" encoding="UTF-8"?>
<!-- Generated by org.testng.reporters.JUnitReportReporter -->
<testsuite hostname="LTIN277965" failures="0" tests="2" name="myPackage.BookHotel" time="101.393" errors="0" timestamp="2023-08-30T18:20:18 IST" skipped="0">
  <testcase classname="myPackage.BookHotel" name="goToHotels" time="49.092"/>
  <testcase classname="myPackage.BookHotel" name="goToHotels" time="52.301"/>
</testsuite> <!-- myPackage.BookHotel -->
