<?xml version="1.0" encoding="UTF-8"?>
<!-- Generated by org.testng.reporters.JUnitReportReporter -->
<testsuite hostname="LTIN278618" failures="0" tests="4" name="myPackage.openBrowser" time="35.327" errors="0" timestamp="2023-08-28T17:04:42 IST" skipped="0">
  <testcase classname="myPackage.openBrowser" name="openMMT" time="4.435"/>
  <testcase classname="myPackage.openBrowser" name="closePopUp" time="15.021"/>
  <testcase classname="myPackage.openBrowser" name="openMMT" time="3.909"/>
  <testcase classname="myPackage.openBrowser" name="closePopUp" time="11.962"/>
</testsuite> <!-- myPackage.openBrowser -->
