<?xml version="1.0" encoding="UTF-8"?>
<!-- Generated by org.testng.reporters.JUnitReportReporter -->
<testsuite hostname="LTIN278618" failures="0" tests="2" name="pageClasses.BookHotel" time="113.205" errors="0" timestamp="2023-09-05T10:46:33 IST" skipped="0">
  <testcase classname="pageClasses.BookHotel" name="goToHotels" time="54.948"/>
  <testcase classname="pageClasses.BookHotel" name="goToHotels" time="58.257"/>
</testsuite> <!-- pageClasses.BookHotel -->
