<?xml version="1.0" encoding="UTF-8"?>
<!-- Generated by org.testng.reporters.JUnitReportReporter -->
<testsuite hostname="LTIN278618" failures="0" tests="2" name="pageClasses.SelectCar" time="19.579" errors="0" timestamp="2023-09-05T10:46:33 IST" skipped="0">
  <testcase classname="pageClasses.SelectCar" name="selectSuvCar" time="9.815"/>
  <testcase classname="pageClasses.SelectCar" name="selectSuvCar" time="9.764"/>
</testsuite> <!-- pageClasses.SelectCar -->
