<?xml version="1.0" encoding="UTF-8"?>
<!-- Generated by org.testng.reporters.JUnitReportReporter -->
<testsuite hostname="LTIN278618" failures="0" tests="4" name="baseClasses.BaseClass" time="46.773" errors="0" timestamp="2023-09-05T10:46:33 IST" skipped="0">
  <testcase classname="baseClasses.BaseClass" name="closePopUp" time="11.911"/>
  <testcase classname="baseClasses.BaseClass" name="openMMT" time="4.883"/>
  <testcase classname="baseClasses.BaseClass" name="openMMT" time="12.719"/>
  <testcase classname="baseClasses.BaseClass" name="closePopUp" time="17.260"/>
</testsuite> <!-- baseClasses.BaseClass -->
