<?xml version="1.0" encoding="UTF-8"?>
<!-- Generated by org.testng.reporters.JUnitReportReporter -->
<testsuite hostname="LTIN278618" failures="0" tests="6" name="pageClasses.BuyGiftCard" time="61.929" errors="0" timestamp="2023-09-05T10:46:33 IST" skipped="0">
  <testcase classname="pageClasses.BuyGiftCard" name="InputGiftData" time="19.226"/>
  <testcase classname="pageClasses.BuyGiftCard" name="SelectGift" time="6.485"/>
  <testcase classname="pageClasses.BuyGiftCard" name="SelectBirthdayGift" time="6.790"/>
  <testcase classname="pageClasses.BuyGiftCard" name="InputGiftData" time="17.869"/>
  <testcase classname="pageClasses.BuyGiftCard" name="SelectGift" time="6.807"/>
  <testcase classname="pageClasses.BuyGiftCard" name="SelectBirthdayGift" time="4.752"/>
</testsuite> <!-- pageClasses.BuyGiftCard -->
