<?xml version="1.0" encoding="UTF-8"?>
<!-- Generated by org.testng.reporters.JUnitReportReporter -->
<testsuite hostname="LTIN277965" failures="0" tests="2" name="myPackage.SelectCar" time="19.630" errors="0" timestamp="2023-08-30T18:20:18 IST" skipped="0">
  <testcase classname="myPackage.SelectCar" name="selectSuvCar" time="9.970"/>
  <testcase classname="myPackage.SelectCar" name="selectSuvCar" time="9.660"/>
</testsuite> <!-- myPackage.SelectCar -->
